[0.104s] DEBUG:colcon:Command line arguments: ['/usr/bin/colcon', 'build']
[0.104s] DEBUG:colcon:Parsed command line arguments: Namespace(log_base=None, log_level=None, verb_name='build', build_base='build', install_base='install', merge_install=False, symlink_install=False, test_result_base=None, continue_on_error=False, executor='parallel', parallel_workers=16, event_handlers=None, ignore_user_meta=False, metas=['./colcon.meta'], base_paths=['.'], packages_ignore=None, packages_ignore_regex=None, paths=None, packages_up_to=None, packages_up_to_regex=None, packages_above=None, packages_above_and_dependencies=None, packages_above_depth=None, packages_select_by_dep=None, packages_skip_by_dep=None, packages_skip_up_to=None, packages_select_build_failed=False, packages_skip_build_finished=False, packages_select_test_failures=False, packages_skip_test_passed=False, packages_select=None, packages_skip=None, packages_select_regex=None, packages_skip_regex=None, packages_start=None, packages_end=None, allow_overriding=[], cmake_args=None, cmake_target=None, cmake_target_skip_unavailable=False, cmake_clean_cache=False, cmake_clean_first=False, cmake_force_configure=False, ament_cmake_args=None, catkin_cmake_args=None, catkin_skip_building_tests=False, verb_parser=<colcon_defaults.argument_parser.defaults.DefaultArgumentsDecorator object at 0x786d68d1bd60>, verb_extension=<colcon_core.verb.build.BuildVerb object at 0x786d68d1b850>, main=<bound method BuildVerb.main of <colcon_core.verb.build.BuildVerb object at 0x786d68d1b850>>)
[0.205s] Level 1:colcon.colcon_core.package_discovery:discover_packages(colcon_meta) check parameters
[0.205s] Level 1:colcon.colcon_core.package_discovery:discover_packages(recursive) check parameters
[0.205s] Level 1:colcon.colcon_core.package_discovery:discover_packages(ignore) check parameters
[0.205s] Level 1:colcon.colcon_core.package_discovery:discover_packages(path) check parameters
[0.205s] Level 1:colcon.colcon_core.package_discovery:discover_packages(colcon_meta) discover
[0.205s] Level 1:colcon.colcon_core.package_discovery:discover_packages(recursive) discover
[0.205s] INFO:colcon.colcon_core.package_discovery:Crawling recursively for packages in '/home/justiny/ros2_validation_suite'
[0.205s] Level 1:colcon.colcon_core.package_identification:_identify(.) by extensions ['ignore', 'ignore_ament_install']
[0.205s] Level 1:colcon.colcon_core.package_identification:_identify(.) by extension 'ignore'
[0.205s] Level 1:colcon.colcon_core.package_identification:_identify(.) by extension 'ignore_ament_install'
[0.206s] Level 1:colcon.colcon_core.package_identification:_identify(.) by extensions ['colcon_pkg']
[0.206s] Level 1:colcon.colcon_core.package_identification:_identify(.) by extension 'colcon_pkg'
[0.206s] Level 1:colcon.colcon_core.package_identification:_identify(.) by extensions ['colcon_meta']
[0.206s] Level 1:colcon.colcon_core.package_identification:_identify(.) by extension 'colcon_meta'
[0.206s] Level 1:colcon.colcon_core.package_identification:_identify(.) by extensions ['ros']
[0.206s] Level 1:colcon.colcon_core.package_identification:_identify(.) by extension 'ros'
[0.214s] Level 1:colcon.colcon_core.package_identification:_identify(.) by extensions ['cmake', 'python']
[0.214s] Level 1:colcon.colcon_core.package_identification:_identify(.) by extension 'cmake'
[0.214s] Level 1:colcon.colcon_core.package_identification:_identify(.) by extension 'python'
[0.214s] Level 1:colcon.colcon_core.package_identification:_identify(.) by extensions ['python_setup_py']
[0.214s] Level 1:colcon.colcon_core.package_identification:_identify(.) by extension 'python_setup_py'
[0.214s] Level 1:colcon.colcon_core.package_identification:_identify(build) by extensions ['ignore', 'ignore_ament_install']
[0.214s] Level 1:colcon.colcon_core.package_identification:_identify(build) by extension 'ignore'
[0.214s] Level 1:colcon.colcon_core.package_identification:_identify(build) ignored
[0.214s] Level 1:colcon.colcon_core.package_identification:_identify(install) by extensions ['ignore', 'ignore_ament_install']
[0.214s] Level 1:colcon.colcon_core.package_identification:_identify(install) by extension 'ignore'
[0.214s] Level 1:colcon.colcon_core.package_identification:_identify(install) ignored
[0.214s] Level 1:colcon.colcon_core.package_identification:_identify(log) by extensions ['ignore', 'ignore_ament_install']
[0.215s] Level 1:colcon.colcon_core.package_identification:_identify(log) by extension 'ignore'
[0.215s] Level 1:colcon.colcon_core.package_identification:_identify(log) ignored
[0.215s] Level 1:colcon.colcon_core.package_identification:_identify(src) by extensions ['ignore', 'ignore_ament_install']
[0.215s] Level 1:colcon.colcon_core.package_identification:_identify(src) by extension 'ignore'
[0.215s] Level 1:colcon.colcon_core.package_identification:_identify(src) by extension 'ignore_ament_install'
[0.215s] Level 1:colcon.colcon_core.package_identification:_identify(src) by extensions ['colcon_pkg']
[0.215s] Level 1:colcon.colcon_core.package_identification:_identify(src) by extension 'colcon_pkg'
[0.215s] Level 1:colcon.colcon_core.package_identification:_identify(src) by extensions ['colcon_meta']
[0.215s] Level 1:colcon.colcon_core.package_identification:_identify(src) by extension 'colcon_meta'
[0.215s] Level 1:colcon.colcon_core.package_identification:_identify(src) by extensions ['ros']
[0.215s] Level 1:colcon.colcon_core.package_identification:_identify(src) by extension 'ros'
[0.215s] Level 1:colcon.colcon_core.package_identification:_identify(src) by extensions ['cmake', 'python']
[0.215s] Level 1:colcon.colcon_core.package_identification:_identify(src) by extension 'cmake'
[0.215s] Level 1:colcon.colcon_core.package_identification:_identify(src) by extension 'python'
[0.215s] Level 1:colcon.colcon_core.package_identification:_identify(src) by extensions ['python_setup_py']
[0.215s] Level 1:colcon.colcon_core.package_identification:_identify(src) by extension 'python_setup_py'
[0.215s] Level 1:colcon.colcon_core.package_identification:_identify(src/validation_suite) by extensions ['ignore', 'ignore_ament_install']
[0.215s] Level 1:colcon.colcon_core.package_identification:_identify(src/validation_suite) by extension 'ignore'
[0.215s] Level 1:colcon.colcon_core.package_identification:_identify(src/validation_suite) by extension 'ignore_ament_install'
[0.216s] Level 1:colcon.colcon_core.package_identification:_identify(src/validation_suite) by extensions ['colcon_pkg']
[0.216s] Level 1:colcon.colcon_core.package_identification:_identify(src/validation_suite) by extension 'colcon_pkg'
[0.216s] Level 1:colcon.colcon_core.package_identification:_identify(src/validation_suite) by extensions ['colcon_meta']
[0.216s] Level 1:colcon.colcon_core.package_identification:_identify(src/validation_suite) by extension 'colcon_meta'
[0.216s] Level 1:colcon.colcon_core.package_identification:_identify(src/validation_suite) by extensions ['ros']
[0.216s] Level 1:colcon.colcon_core.package_identification:_identify(src/validation_suite) by extension 'ros'
[0.223s] DEBUG:colcon.colcon_core.package_identification:Package 'src/validation_suite' with type 'ros.ament_cmake' and name 'validation_suite'
[0.223s] Level 1:colcon.colcon_core.package_discovery:discover_packages(recursive) using defaults
[0.223s] Level 1:colcon.colcon_core.package_discovery:discover_packages(ignore) discover
[0.223s] Level 1:colcon.colcon_core.package_discovery:discover_packages(ignore) using defaults
[0.223s] Level 1:colcon.colcon_core.package_discovery:discover_packages(path) discover
[0.223s] Level 1:colcon.colcon_core.package_discovery:discover_packages(path) using defaults
[0.236s] Level 1:colcon.colcon_core.package_discovery:discover_packages(prefix_path) check parameters
[0.236s] Level 1:colcon.colcon_core.package_discovery:discover_packages(prefix_path) discover
[0.237s] WARNING:colcon.colcon_ros.prefix_path.ament:The path '/home/justiny/ros2_validation_suite/install/validation_suite' in the environment variable AMENT_PREFIX_PATH doesn't exist
[0.237s] WARNING:colcon.colcon_ros.prefix_path.catkin:The path '/home/justiny/ros2_validation_suite/install/validation_suite' in the environment variable CMAKE_PREFIX_PATH doesn't exist
[0.237s] DEBUG:colcon.colcon_installed_package_information.package_discovery:Found 0 installed packages in /home/justiny/ros2_validation_suite/install
[0.238s] DEBUG:colcon.colcon_installed_package_information.package_discovery:Found 1 installed packages in /home/justiny/robot_imu_validation/install
[0.239s] DEBUG:colcon.colcon_installed_package_information.package_discovery:Found 357 installed packages in /opt/ros/humble
[0.240s] Level 1:colcon.colcon_core.package_discovery:discover_packages(prefix_path) using defaults
[0.266s] Level 5:colcon.colcon_core.verb:set package 'validation_suite' build argument 'cmake_args' from command line to 'None'
[0.266s] Level 5:colcon.colcon_core.verb:set package 'validation_suite' build argument 'cmake_target' from command line to 'None'
[0.266s] Level 5:colcon.colcon_core.verb:set package 'validation_suite' build argument 'cmake_target_skip_unavailable' from command line to 'False'
[0.266s] Level 5:colcon.colcon_core.verb:set package 'validation_suite' build argument 'cmake_clean_cache' from command line to 'False'
[0.266s] Level 5:colcon.colcon_core.verb:set package 'validation_suite' build argument 'cmake_clean_first' from command line to 'False'
[0.266s] Level 5:colcon.colcon_core.verb:set package 'validation_suite' build argument 'cmake_force_configure' from command line to 'False'
[0.266s] Level 5:colcon.colcon_core.verb:set package 'validation_suite' build argument 'ament_cmake_args' from command line to 'None'
[0.266s] Level 5:colcon.colcon_core.verb:set package 'validation_suite' build argument 'catkin_cmake_args' from command line to 'None'
[0.266s] Level 5:colcon.colcon_core.verb:set package 'validation_suite' build argument 'catkin_skip_building_tests' from command line to 'False'
[0.267s] DEBUG:colcon.colcon_core.verb:Building package 'validation_suite' with the following arguments: {'ament_cmake_args': None, 'build_base': '/home/justiny/ros2_validation_suite/build/validation_suite', 'catkin_cmake_args': None, 'catkin_skip_building_tests': False, 'cmake_args': None, 'cmake_clean_cache': False, 'cmake_clean_first': False, 'cmake_force_configure': False, 'cmake_target': None, 'cmake_target_skip_unavailable': False, 'install_base': '/home/justiny/ros2_validation_suite/install/validation_suite', 'merge_install': False, 'path': '/home/justiny/ros2_validation_suite/src/validation_suite', 'symlink_install': False, 'test_result_base': None}
[0.267s] INFO:colcon.colcon_core.executor:Executing jobs using 'parallel' executor
[0.267s] DEBUG:colcon.colcon_parallel_executor.executor.parallel:run_until_complete
[0.268s] INFO:colcon.colcon_ros.task.ament_cmake.build:Building ROS package in '/home/justiny/ros2_validation_suite/src/validation_suite' with build type 'ament_cmake'
[0.268s] INFO:colcon.colcon_cmake.task.cmake.build:Building CMake package in '/home/justiny/ros2_validation_suite/src/validation_suite'
[0.269s] INFO:colcon.colcon_core.plugin_system:Skipping extension 'colcon_core.shell.bat': Not used on non-Windows systems
[0.269s] INFO:colcon.colcon_core.shell:Skip shell extension 'powershell' for command environment: Not usable outside of PowerShell
[0.269s] DEBUG:colcon.colcon_core.shell:Skip shell extension 'dsv' for command environment
[0.279s] DEBUG:colcon.colcon_core.event_handler.log_command:Invoking command in '/home/justiny/ros2_validation_suite/build/validation_suite': CMAKE_PREFIX_PATH=/opt/ros/humble:${CMAKE_PREFIX_PATH} /usr/bin/cmake /home/justiny/ros2_validation_suite/src/validation_suite -DCMAKE_INSTALL_PREFIX=/home/justiny/ros2_validation_suite/install/validation_suite
[2.058s] DEBUG:colcon.colcon_core.event_handler.log_command:Invoked command in '/home/justiny/ros2_validation_suite/build/validation_suite' returned '0': CMAKE_PREFIX_PATH=/opt/ros/humble:${CMAKE_PREFIX_PATH} /usr/bin/cmake /home/justiny/ros2_validation_suite/src/validation_suite -DCMAKE_INSTALL_PREFIX=/home/justiny/ros2_validation_suite/install/validation_suite
[2.059s] DEBUG:colcon.colcon_core.event_handler.log_command:Invoking command in '/home/justiny/ros2_validation_suite/build/validation_suite': CMAKE_PREFIX_PATH=/opt/ros/humble:${CMAKE_PREFIX_PATH} /usr/bin/cmake --build /home/justiny/ros2_validation_suite/build/validation_suite -- -j16 -l16
[2.280s] DEBUG:colcon.colcon_core.event_handler.log_command:Invoked command in '/home/justiny/ros2_validation_suite/build/validation_suite' returned '0': CMAKE_PREFIX_PATH=/opt/ros/humble:${CMAKE_PREFIX_PATH} /usr/bin/cmake --build /home/justiny/ros2_validation_suite/build/validation_suite -- -j16 -l16
[2.289s] DEBUG:colcon.colcon_core.event_handler.log_command:Invoking command in '/home/justiny/ros2_validation_suite/build/validation_suite': CMAKE_PREFIX_PATH=/opt/ros/humble:${CMAKE_PREFIX_PATH} /usr/bin/cmake --install /home/justiny/ros2_validation_suite/build/validation_suite
[2.336s] Level 1:colcon.colcon_core.environment:create_environment_scripts_only(validation_suite)
[2.336s] DEBUG:colcon.colcon_core.event_handler.log_command:Invoked command in '/home/justiny/ros2_validation_suite/build/validation_suite' returned '0': CMAKE_PREFIX_PATH=/opt/ros/humble:${CMAKE_PREFIX_PATH} /usr/bin/cmake --install /home/justiny/ros2_validation_suite/build/validation_suite
[2.338s] Level 1:colcon.colcon_core.environment:checking '/home/justiny/ros2_validation_suite/install/validation_suite' for CMake module files
[2.338s] Level 1:colcon.colcon_core.environment:checking '/home/justiny/ros2_validation_suite/install/validation_suite' for CMake config files
[2.338s] Level 1:colcon.colcon_core.shell:create_environment_hook('validation_suite', 'cmake_prefix_path')
[2.338s] INFO:colcon.colcon_core.shell:Creating environment hook '/home/justiny/ros2_validation_suite/install/validation_suite/share/validation_suite/hook/cmake_prefix_path.ps1'
[2.339s] INFO:colcon.colcon_core.shell:Creating environment descriptor '/home/justiny/ros2_validation_suite/install/validation_suite/share/validation_suite/hook/cmake_prefix_path.dsv'
[2.340s] INFO:colcon.colcon_core.shell:Creating environment hook '/home/justiny/ros2_validation_suite/install/validation_suite/share/validation_suite/hook/cmake_prefix_path.sh'
[2.340s] Level 1:colcon.colcon_core.environment:checking '/home/justiny/ros2_validation_suite/install/validation_suite/lib'
[2.340s] Level 1:colcon.colcon_core.environment:checking '/home/justiny/ros2_validation_suite/install/validation_suite/bin'
[2.341s] Level 1:colcon.colcon_core.environment:checking '/home/justiny/ros2_validation_suite/install/validation_suite/lib/pkgconfig/validation_suite.pc'
[2.341s] Level 1:colcon.colcon_core.environment:checking '/home/justiny/ros2_validation_suite/install/validation_suite/lib/python3.10/site-packages'
[2.341s] Level 1:colcon.colcon_core.environment:checking '/home/justiny/ros2_validation_suite/install/validation_suite/bin'
[2.341s] INFO:colcon.colcon_core.shell:Creating package script '/home/justiny/ros2_validation_suite/install/validation_suite/share/validation_suite/package.ps1'
[2.341s] INFO:colcon.colcon_core.shell:Creating package descriptor '/home/justiny/ros2_validation_suite/install/validation_suite/share/validation_suite/package.dsv'
[2.342s] INFO:colcon.colcon_core.shell:Creating package script '/home/justiny/ros2_validation_suite/install/validation_suite/share/validation_suite/package.sh'
[2.342s] INFO:colcon.colcon_core.shell:Creating package script '/home/justiny/ros2_validation_suite/install/validation_suite/share/validation_suite/package.bash'
[2.343s] INFO:colcon.colcon_core.shell:Creating package script '/home/justiny/ros2_validation_suite/install/validation_suite/share/validation_suite/package.zsh'
[2.343s] Level 1:colcon.colcon_core.environment:create_file_with_runtime_dependencies(/home/justiny/ros2_validation_suite/install/validation_suite/share/colcon-core/packages/validation_suite)
[2.344s] Level 1:colcon.colcon_core.environment:create_environment_scripts_only(validation_suite)
[2.344s] Level 1:colcon.colcon_core.environment:checking '/home/justiny/ros2_validation_suite/install/validation_suite' for CMake module files
[2.345s] Level 1:colcon.colcon_core.environment:checking '/home/justiny/ros2_validation_suite/install/validation_suite' for CMake config files
[2.345s] Level 1:colcon.colcon_core.shell:create_environment_hook('validation_suite', 'cmake_prefix_path')
[2.345s] INFO:colcon.colcon_core.shell:Creating environment hook '/home/justiny/ros2_validation_suite/install/validation_suite/share/validation_suite/hook/cmake_prefix_path.ps1'
[2.345s] INFO:colcon.colcon_core.shell:Creating environment descriptor '/home/justiny/ros2_validation_suite/install/validation_suite/share/validation_suite/hook/cmake_prefix_path.dsv'
[2.346s] INFO:colcon.colcon_core.shell:Creating environment hook '/home/justiny/ros2_validation_suite/install/validation_suite/share/validation_suite/hook/cmake_prefix_path.sh'
[2.346s] Level 1:colcon.colcon_core.environment:checking '/home/justiny/ros2_validation_suite/install/validation_suite/lib'
[2.346s] Level 1:colcon.colcon_core.environment:checking '/home/justiny/ros2_validation_suite/install/validation_suite/bin'
[2.346s] Level 1:colcon.colcon_core.environment:checking '/home/justiny/ros2_validation_suite/install/validation_suite/lib/pkgconfig/validation_suite.pc'
[2.346s] Level 1:colcon.colcon_core.environment:checking '/home/justiny/ros2_validation_suite/install/validation_suite/lib/python3.10/site-packages'
[2.347s] Level 1:colcon.colcon_core.environment:checking '/home/justiny/ros2_validation_suite/install/validation_suite/bin'
[2.347s] INFO:colcon.colcon_core.shell:Creating package script '/home/justiny/ros2_validation_suite/install/validation_suite/share/validation_suite/package.ps1'
[2.347s] INFO:colcon.colcon_core.shell:Creating package descriptor '/home/justiny/ros2_validation_suite/install/validation_suite/share/validation_suite/package.dsv'
[2.347s] INFO:colcon.colcon_core.shell:Creating package script '/home/justiny/ros2_validation_suite/install/validation_suite/share/validation_suite/package.sh'
[2.348s] INFO:colcon.colcon_core.shell:Creating package script '/home/justiny/ros2_validation_suite/install/validation_suite/share/validation_suite/package.bash'
[2.348s] INFO:colcon.colcon_core.shell:Creating package script '/home/justiny/ros2_validation_suite/install/validation_suite/share/validation_suite/package.zsh'
[2.349s] Level 1:colcon.colcon_core.environment:create_file_with_runtime_dependencies(/home/justiny/ros2_validation_suite/install/validation_suite/share/colcon-core/packages/validation_suite)
[2.349s] DEBUG:colcon.colcon_parallel_executor.executor.parallel:closing loop
[2.349s] DEBUG:colcon.colcon_parallel_executor.executor.parallel:loop closed
[2.349s] DEBUG:colcon.colcon_parallel_executor.executor.parallel:run_until_complete finished with '0'
[2.350s] DEBUG:colcon.colcon_core.event_reactor:joining thread
[2.375s] INFO:colcon.colcon_core.plugin_system:Skipping extension 'colcon_notification.desktop_notification.notify_send': Could not find 'notify-send'
[2.375s] INFO:colcon.colcon_core.plugin_system:Skipping extension 'colcon_notification.desktop_notification.terminal_notifier': Not used on non-Darwin systems
[2.375s] INFO:colcon.colcon_core.plugin_system:Skipping extension 'colcon_notification.desktop_notification.win32': Not used on non-Windows systems
[2.376s] INFO:colcon.colcon_notification.desktop_notification:Sending desktop notification using 'notify2'
[2.376s] DEBUG:colcon.colcon_notification.desktop_notification.notify2:Failed to initialize notify2: org.freedesktop.DBus.Error.FileNotFound: Failed to connect to socket /run/user/1000/bus: No such file or directory
[2.376s] DEBUG:colcon.colcon_core.event_reactor:joined thread
[2.376s] INFO:colcon.colcon_core.shell:Creating prefix script '/home/justiny/ros2_validation_suite/install/local_setup.ps1'
[2.377s] INFO:colcon.colcon_core.shell:Creating prefix util module '/home/justiny/ros2_validation_suite/install/_local_setup_util_ps1.py'
[2.377s] INFO:colcon.colcon_core.shell:Creating prefix chain script '/home/justiny/ros2_validation_suite/install/setup.ps1'
[2.378s] INFO:colcon.colcon_core.shell:Creating prefix script '/home/justiny/ros2_validation_suite/install/local_setup.sh'
[2.379s] INFO:colcon.colcon_core.shell:Creating prefix util module '/home/justiny/ros2_validation_suite/install/_local_setup_util_sh.py'
[2.379s] INFO:colcon.colcon_core.shell:Creating prefix chain script '/home/justiny/ros2_validation_suite/install/setup.sh'
[2.380s] INFO:colcon.colcon_core.shell:Creating prefix script '/home/justiny/ros2_validation_suite/install/local_setup.bash'
[2.380s] INFO:colcon.colcon_core.shell:Creating prefix chain script '/home/justiny/ros2_validation_suite/install/setup.bash'
[2.381s] INFO:colcon.colcon_core.shell:Creating prefix script '/home/justiny/ros2_validation_suite/install/local_setup.zsh'
[2.381s] INFO:colcon.colcon_core.shell:Creating prefix chain script '/home/justiny/ros2_validation_suite/install/setup.zsh'
