[0.100s] DEBUG:colcon:Command line arguments: ['/usr/bin/colcon', 'build']
[0.100s] DEBUG:colcon:Parsed command line arguments: Namespace(log_base=None, log_level=None, verb_name='build', build_base='build', install_base='install', merge_install=False, symlink_install=False, test_result_base=None, continue_on_error=False, executor='parallel', parallel_workers=16, event_handlers=None, ignore_user_meta=False, metas=['./colcon.meta'], base_paths=['.'], packages_ignore=None, packages_ignore_regex=None, paths=None, packages_up_to=None, packages_up_to_regex=None, packages_above=None, packages_above_and_dependencies=None, packages_above_depth=None, packages_select_by_dep=None, packages_skip_by_dep=None, packages_skip_up_to=None, packages_select_build_failed=False, packages_skip_build_finished=False, packages_select_test_failures=False, packages_skip_test_passed=False, packages_select=None, packages_skip=None, packages_select_regex=None, packages_skip_regex=None, packages_start=None, packages_end=None, allow_overriding=[], cmake_args=None, cmake_target=None, cmake_target_skip_unavailable=False, cmake_clean_cache=False, cmake_clean_first=False, cmake_force_configure=False, ament_cmake_args=None, catkin_cmake_args=None, catkin_skip_building_tests=False, verb_parser=<colcon_defaults.argument_parser.defaults.DefaultArgumentsDecorator object at 0x7b48ec817b20>, verb_extension=<colcon_core.verb.build.BuildVerb object at 0x7b48ec817610>, main=<bound method BuildVerb.main of <colcon_core.verb.build.BuildVerb object at 0x7b48ec817610>>)
[0.201s] Level 1:colcon.colcon_core.package_discovery:discover_packages(colcon_meta) check parameters
[0.201s] Level 1:colcon.colcon_core.package_discovery:discover_packages(recursive) check parameters
[0.201s] Level 1:colcon.colcon_core.package_discovery:discover_packages(ignore) check parameters
[0.201s] Level 1:colcon.colcon_core.package_discovery:discover_packages(path) check parameters
[0.201s] Level 1:colcon.colcon_core.package_discovery:discover_packages(colcon_meta) discover
[0.201s] Level 1:colcon.colcon_core.package_discovery:discover_packages(recursive) discover
[0.201s] INFO:colcon.colcon_core.package_discovery:Crawling recursively for packages in '/home/justiny/ros2_validation_suite'
[0.202s] Level 1:colcon.colcon_core.package_identification:_identify(.) by extensions ['ignore', 'ignore_ament_install']
[0.202s] Level 1:colcon.colcon_core.package_identification:_identify(.) by extension 'ignore'
[0.202s] Level 1:colcon.colcon_core.package_identification:_identify(.) by extension 'ignore_ament_install'
[0.202s] Level 1:colcon.colcon_core.package_identification:_identify(.) by extensions ['colcon_pkg']
[0.202s] Level 1:colcon.colcon_core.package_identification:_identify(.) by extension 'colcon_pkg'
[0.202s] Level 1:colcon.colcon_core.package_identification:_identify(.) by extensions ['colcon_meta']
[0.202s] Level 1:colcon.colcon_core.package_identification:_identify(.) by extension 'colcon_meta'
[0.202s] Level 1:colcon.colcon_core.package_identification:_identify(.) by extensions ['ros']
[0.202s] Level 1:colcon.colcon_core.package_identification:_identify(.) by extension 'ros'
[0.210s] Level 1:colcon.colcon_core.package_identification:_identify(.) by extensions ['cmake', 'python']
[0.210s] Level 1:colcon.colcon_core.package_identification:_identify(.) by extension 'cmake'
[0.210s] Level 1:colcon.colcon_core.package_identification:_identify(.) by extension 'python'
[0.210s] Level 1:colcon.colcon_core.package_identification:_identify(.) by extensions ['python_setup_py']
[0.210s] Level 1:colcon.colcon_core.package_identification:_identify(.) by extension 'python_setup_py'
[0.210s] Level 1:colcon.colcon_core.package_identification:_identify(build) by extensions ['ignore', 'ignore_ament_install']
[0.210s] Level 1:colcon.colcon_core.package_identification:_identify(build) by extension 'ignore'
[0.210s] Level 1:colcon.colcon_core.package_identification:_identify(build) ignored
[0.210s] Level 1:colcon.colcon_core.package_identification:_identify(install) by extensions ['ignore', 'ignore_ament_install']
[0.211s] Level 1:colcon.colcon_core.package_identification:_identify(install) by extension 'ignore'
[0.211s] Level 1:colcon.colcon_core.package_identification:_identify(install) ignored
[0.211s] Level 1:colcon.colcon_core.package_identification:_identify(log) by extensions ['ignore', 'ignore_ament_install']
[0.211s] Level 1:colcon.colcon_core.package_identification:_identify(log) by extension 'ignore'
[0.211s] Level 1:colcon.colcon_core.package_identification:_identify(log) ignored
[0.211s] Level 1:colcon.colcon_core.package_identification:_identify(src) by extensions ['ignore', 'ignore_ament_install']
[0.211s] Level 1:colcon.colcon_core.package_identification:_identify(src) by extension 'ignore'
[0.211s] Level 1:colcon.colcon_core.package_identification:_identify(src) by extension 'ignore_ament_install'
[0.211s] Level 1:colcon.colcon_core.package_identification:_identify(src) by extensions ['colcon_pkg']
[0.211s] Level 1:colcon.colcon_core.package_identification:_identify(src) by extension 'colcon_pkg'
[0.211s] Level 1:colcon.colcon_core.package_identification:_identify(src) by extensions ['colcon_meta']
[0.211s] Level 1:colcon.colcon_core.package_identification:_identify(src) by extension 'colcon_meta'
[0.211s] Level 1:colcon.colcon_core.package_identification:_identify(src) by extensions ['ros']
[0.211s] Level 1:colcon.colcon_core.package_identification:_identify(src) by extension 'ros'
[0.211s] Level 1:colcon.colcon_core.package_identification:_identify(src) by extensions ['cmake', 'python']
[0.211s] Level 1:colcon.colcon_core.package_identification:_identify(src) by extension 'cmake'
[0.211s] Level 1:colcon.colcon_core.package_identification:_identify(src) by extension 'python'
[0.211s] Level 1:colcon.colcon_core.package_identification:_identify(src) by extensions ['python_setup_py']
[0.212s] Level 1:colcon.colcon_core.package_identification:_identify(src) by extension 'python_setup_py'
[0.212s] Level 1:colcon.colcon_core.package_identification:_identify(src/validation_suite) by extensions ['ignore', 'ignore_ament_install']
[0.212s] Level 1:colcon.colcon_core.package_identification:_identify(src/validation_suite) by extension 'ignore'
[0.212s] Level 1:colcon.colcon_core.package_identification:_identify(src/validation_suite) by extension 'ignore_ament_install'
[0.212s] Level 1:colcon.colcon_core.package_identification:_identify(src/validation_suite) by extensions ['colcon_pkg']
[0.212s] Level 1:colcon.colcon_core.package_identification:_identify(src/validation_suite) by extension 'colcon_pkg'
[0.212s] Level 1:colcon.colcon_core.package_identification:_identify(src/validation_suite) by extensions ['colcon_meta']
[0.212s] Level 1:colcon.colcon_core.package_identification:_identify(src/validation_suite) by extension 'colcon_meta'
[0.212s] Level 1:colcon.colcon_core.package_identification:_identify(src/validation_suite) by extensions ['ros']
[0.212s] Level 1:colcon.colcon_core.package_identification:_identify(src/validation_suite) by extension 'ros'
[0.219s] DEBUG:colcon.colcon_core.package_identification:Package 'src/validation_suite' with type 'ros.ament_cmake' and name 'validation_suite'
[0.219s] Level 1:colcon.colcon_core.package_discovery:discover_packages(recursive) using defaults
[0.219s] Level 1:colcon.colcon_core.package_discovery:discover_packages(ignore) discover
[0.219s] Level 1:colcon.colcon_core.package_discovery:discover_packages(ignore) using defaults
[0.219s] Level 1:colcon.colcon_core.package_discovery:discover_packages(path) discover
[0.219s] Level 1:colcon.colcon_core.package_discovery:discover_packages(path) using defaults
[0.232s] Level 1:colcon.colcon_core.package_discovery:discover_packages(prefix_path) check parameters
[0.232s] Level 1:colcon.colcon_core.package_discovery:discover_packages(prefix_path) discover
[0.232s] WARNING:colcon.colcon_ros.prefix_path.ament:The path '/home/justiny/ros2_validation_suite/install/validation_suite' in the environment variable AMENT_PREFIX_PATH doesn't exist
[0.232s] WARNING:colcon.colcon_ros.prefix_path.catkin:The path '/home/justiny/ros2_validation_suite/install/validation_suite' in the environment variable CMAKE_PREFIX_PATH doesn't exist
[0.233s] DEBUG:colcon.colcon_installed_package_information.package_discovery:Found 0 installed packages in /home/justiny/ros2_validation_suite/install
[0.234s] DEBUG:colcon.colcon_installed_package_information.package_discovery:Found 357 installed packages in /opt/ros/humble
[0.235s] Level 1:colcon.colcon_core.package_discovery:discover_packages(prefix_path) using defaults
[0.261s] Level 5:colcon.colcon_core.verb:set package 'validation_suite' build argument 'cmake_args' from command line to 'None'
[0.261s] Level 5:colcon.colcon_core.verb:set package 'validation_suite' build argument 'cmake_target' from command line to 'None'
[0.261s] Level 5:colcon.colcon_core.verb:set package 'validation_suite' build argument 'cmake_target_skip_unavailable' from command line to 'False'
[0.261s] Level 5:colcon.colcon_core.verb:set package 'validation_suite' build argument 'cmake_clean_cache' from command line to 'False'
[0.261s] Level 5:colcon.colcon_core.verb:set package 'validation_suite' build argument 'cmake_clean_first' from command line to 'False'
[0.261s] Level 5:colcon.colcon_core.verb:set package 'validation_suite' build argument 'cmake_force_configure' from command line to 'False'
[0.261s] Level 5:colcon.colcon_core.verb:set package 'validation_suite' build argument 'ament_cmake_args' from command line to 'None'
[0.261s] Level 5:colcon.colcon_core.verb:set package 'validation_suite' build argument 'catkin_cmake_args' from command line to 'None'
[0.261s] Level 5:colcon.colcon_core.verb:set package 'validation_suite' build argument 'catkin_skip_building_tests' from command line to 'False'
[0.261s] DEBUG:colcon.colcon_core.verb:Building package 'validation_suite' with the following arguments: {'ament_cmake_args': None, 'build_base': '/home/justiny/ros2_validation_suite/build/validation_suite', 'catkin_cmake_args': None, 'catkin_skip_building_tests': False, 'cmake_args': None, 'cmake_clean_cache': False, 'cmake_clean_first': False, 'cmake_force_configure': False, 'cmake_target': None, 'cmake_target_skip_unavailable': False, 'install_base': '/home/justiny/ros2_validation_suite/install/validation_suite', 'merge_install': False, 'path': '/home/justiny/ros2_validation_suite/src/validation_suite', 'symlink_install': False, 'test_result_base': None}
[0.261s] INFO:colcon.colcon_core.executor:Executing jobs using 'parallel' executor
[0.262s] DEBUG:colcon.colcon_parallel_executor.executor.parallel:run_until_complete
[0.262s] INFO:colcon.colcon_ros.task.ament_cmake.build:Building ROS package in '/home/justiny/ros2_validation_suite/src/validation_suite' with build type 'ament_cmake'
[0.262s] INFO:colcon.colcon_cmake.task.cmake.build:Building CMake package in '/home/justiny/ros2_validation_suite/src/validation_suite'
[0.264s] INFO:colcon.colcon_core.plugin_system:Skipping extension 'colcon_core.shell.bat': Not used on non-Windows systems
[0.264s] INFO:colcon.colcon_core.shell:Skip shell extension 'powershell' for command environment: Not usable outside of PowerShell
[0.264s] DEBUG:colcon.colcon_core.shell:Skip shell extension 'dsv' for command environment
[0.273s] DEBUG:colcon.colcon_core.event_handler.log_command:Invoking command in '/home/justiny/ros2_validation_suite/build/validation_suite': CMAKE_PREFIX_PATH=${CMAKE_PREFIX_PATH}:/opt/ros/humble /usr/bin/cmake /home/justiny/ros2_validation_suite/src/validation_suite -DCMAKE_INSTALL_PREFIX=/home/justiny/ros2_validation_suite/install/validation_suite
[1.985s] DEBUG:colcon.colcon_core.event_handler.log_command:Invoked command in '/home/justiny/ros2_validation_suite/build/validation_suite' returned '0': CMAKE_PREFIX_PATH=${CMAKE_PREFIX_PATH}:/opt/ros/humble /usr/bin/cmake /home/justiny/ros2_validation_suite/src/validation_suite -DCMAKE_INSTALL_PREFIX=/home/justiny/ros2_validation_suite/install/validation_suite
[1.986s] DEBUG:colcon.colcon_core.event_handler.log_command:Invoking command in '/home/justiny/ros2_validation_suite/build/validation_suite': CMAKE_PREFIX_PATH=${CMAKE_PREFIX_PATH}:/opt/ros/humble /usr/bin/cmake --build /home/justiny/ros2_validation_suite/build/validation_suite -- -j16 -l16
[2.191s] DEBUG:colcon.colcon_core.event_handler.log_command:Invoked command in '/home/justiny/ros2_validation_suite/build/validation_suite' returned '0': CMAKE_PREFIX_PATH=${CMAKE_PREFIX_PATH}:/opt/ros/humble /usr/bin/cmake --build /home/justiny/ros2_validation_suite/build/validation_suite -- -j16 -l16
[2.201s] DEBUG:colcon.colcon_core.event_handler.log_command:Invoking command in '/home/justiny/ros2_validation_suite/build/validation_suite': CMAKE_PREFIX_PATH=${CMAKE_PREFIX_PATH}:/opt/ros/humble /usr/bin/cmake --install /home/justiny/ros2_validation_suite/build/validation_suite
[2.244s] Level 1:colcon.colcon_core.environment:create_environment_scripts_only(validation_suite)
[2.245s] DEBUG:colcon.colcon_core.event_handler.log_command:Invoked command in '/home/justiny/ros2_validation_suite/build/validation_suite' returned '0': CMAKE_PREFIX_PATH=${CMAKE_PREFIX_PATH}:/opt/ros/humble /usr/bin/cmake --install /home/justiny/ros2_validation_suite/build/validation_suite
[2.246s] Level 1:colcon.colcon_core.environment:checking '/home/justiny/ros2_validation_suite/install/validation_suite' for CMake module files
[2.246s] Level 1:colcon.colcon_core.environment:checking '/home/justiny/ros2_validation_suite/install/validation_suite' for CMake config files
[2.246s] Level 1:colcon.colcon_core.shell:create_environment_hook('validation_suite', 'cmake_prefix_path')
[2.246s] INFO:colcon.colcon_core.shell:Creating environment hook '/home/justiny/ros2_validation_suite/install/validation_suite/share/validation_suite/hook/cmake_prefix_path.ps1'
[2.247s] INFO:colcon.colcon_core.shell:Creating environment descriptor '/home/justiny/ros2_validation_suite/install/validation_suite/share/validation_suite/hook/cmake_prefix_path.dsv'
[2.247s] INFO:colcon.colcon_core.shell:Creating environment hook '/home/justiny/ros2_validation_suite/install/validation_suite/share/validation_suite/hook/cmake_prefix_path.sh'
[2.248s] Level 1:colcon.colcon_core.environment:checking '/home/justiny/ros2_validation_suite/install/validation_suite/lib'
[2.248s] Level 1:colcon.colcon_core.environment:checking '/home/justiny/ros2_validation_suite/install/validation_suite/bin'
[2.248s] Level 1:colcon.colcon_core.environment:checking '/home/justiny/ros2_validation_suite/install/validation_suite/lib/pkgconfig/validation_suite.pc'
[2.248s] Level 1:colcon.colcon_core.environment:checking '/home/justiny/ros2_validation_suite/install/validation_suite/lib/python3.10/site-packages'
[2.248s] Level 1:colcon.colcon_core.environment:checking '/home/justiny/ros2_validation_suite/install/validation_suite/bin'
[2.249s] INFO:colcon.colcon_core.shell:Creating package script '/home/justiny/ros2_validation_suite/install/validation_suite/share/validation_suite/package.ps1'
[2.249s] INFO:colcon.colcon_core.shell:Creating package descriptor '/home/justiny/ros2_validation_suite/install/validation_suite/share/validation_suite/package.dsv'
[2.249s] INFO:colcon.colcon_core.shell:Creating package script '/home/justiny/ros2_validation_suite/install/validation_suite/share/validation_suite/package.sh'
[2.250s] INFO:colcon.colcon_core.shell:Creating package script '/home/justiny/ros2_validation_suite/install/validation_suite/share/validation_suite/package.bash'
[2.250s] INFO:colcon.colcon_core.shell:Creating package script '/home/justiny/ros2_validation_suite/install/validation_suite/share/validation_suite/package.zsh'
[2.250s] Level 1:colcon.colcon_core.environment:create_file_with_runtime_dependencies(/home/justiny/ros2_validation_suite/install/validation_suite/share/colcon-core/packages/validation_suite)
[2.251s] Level 1:colcon.colcon_core.environment:create_environment_scripts_only(validation_suite)
[2.251s] Level 1:colcon.colcon_core.environment:checking '/home/justiny/ros2_validation_suite/install/validation_suite' for CMake module files
[2.252s] Level 1:colcon.colcon_core.environment:checking '/home/justiny/ros2_validation_suite/install/validation_suite' for CMake config files
[2.252s] Level 1:colcon.colcon_core.shell:create_environment_hook('validation_suite', 'cmake_prefix_path')
[2.252s] INFO:colcon.colcon_core.shell:Creating environment hook '/home/justiny/ros2_validation_suite/install/validation_suite/share/validation_suite/hook/cmake_prefix_path.ps1'
[2.252s] INFO:colcon.colcon_core.shell:Creating environment descriptor '/home/justiny/ros2_validation_suite/install/validation_suite/share/validation_suite/hook/cmake_prefix_path.dsv'
[2.253s] INFO:colcon.colcon_core.shell:Creating environment hook '/home/justiny/ros2_validation_suite/install/validation_suite/share/validation_suite/hook/cmake_prefix_path.sh'
[2.253s] Level 1:colcon.colcon_core.environment:checking '/home/justiny/ros2_validation_suite/install/validation_suite/lib'
[2.253s] Level 1:colcon.colcon_core.environment:checking '/home/justiny/ros2_validation_suite/install/validation_suite/bin'
[2.253s] Level 1:colcon.colcon_core.environment:checking '/home/justiny/ros2_validation_suite/install/validation_suite/lib/pkgconfig/validation_suite.pc'
[2.253s] Level 1:colcon.colcon_core.environment:checking '/home/justiny/ros2_validation_suite/install/validation_suite/lib/python3.10/site-packages'
[2.254s] Level 1:colcon.colcon_core.environment:checking '/home/justiny/ros2_validation_suite/install/validation_suite/bin'
[2.254s] INFO:colcon.colcon_core.shell:Creating package script '/home/justiny/ros2_validation_suite/install/validation_suite/share/validation_suite/package.ps1'
[2.254s] INFO:colcon.colcon_core.shell:Creating package descriptor '/home/justiny/ros2_validation_suite/install/validation_suite/share/validation_suite/package.dsv'
[2.254s] INFO:colcon.colcon_core.shell:Creating package script '/home/justiny/ros2_validation_suite/install/validation_suite/share/validation_suite/package.sh'
[2.255s] INFO:colcon.colcon_core.shell:Creating package script '/home/justiny/ros2_validation_suite/install/validation_suite/share/validation_suite/package.bash'
[2.255s] INFO:colcon.colcon_core.shell:Creating package script '/home/justiny/ros2_validation_suite/install/validation_suite/share/validation_suite/package.zsh'
[2.255s] Level 1:colcon.colcon_core.environment:create_file_with_runtime_dependencies(/home/justiny/ros2_validation_suite/install/validation_suite/share/colcon-core/packages/validation_suite)
[2.255s] DEBUG:colcon.colcon_parallel_executor.executor.parallel:closing loop
[2.256s] DEBUG:colcon.colcon_parallel_executor.executor.parallel:loop closed
[2.256s] DEBUG:colcon.colcon_parallel_executor.executor.parallel:run_until_complete finished with '0'
[2.256s] DEBUG:colcon.colcon_core.event_reactor:joining thread
[2.279s] INFO:colcon.colcon_core.plugin_system:Skipping extension 'colcon_notification.desktop_notification.notify_send': Could not find 'notify-send'
[2.279s] INFO:colcon.colcon_core.plugin_system:Skipping extension 'colcon_notification.desktop_notification.terminal_notifier': Not used on non-Darwin systems
[2.279s] INFO:colcon.colcon_core.plugin_system:Skipping extension 'colcon_notification.desktop_notification.win32': Not used on non-Windows systems
[2.279s] INFO:colcon.colcon_notification.desktop_notification:Sending desktop notification using 'notify2'
[2.279s] DEBUG:colcon.colcon_notification.desktop_notification.notify2:Failed to initialize notify2: org.freedesktop.DBus.Error.FileNotFound: Failed to connect to socket /run/user/1000/bus: No such file or directory
[2.279s] DEBUG:colcon.colcon_core.event_reactor:joined thread
[2.279s] INFO:colcon.colcon_core.shell:Creating prefix script '/home/justiny/ros2_validation_suite/install/local_setup.ps1'
[2.280s] INFO:colcon.colcon_core.shell:Creating prefix util module '/home/justiny/ros2_validation_suite/install/_local_setup_util_ps1.py'
[2.281s] INFO:colcon.colcon_core.shell:Creating prefix chain script '/home/justiny/ros2_validation_suite/install/setup.ps1'
[2.281s] INFO:colcon.colcon_core.shell:Creating prefix script '/home/justiny/ros2_validation_suite/install/local_setup.sh'
[2.282s] INFO:colcon.colcon_core.shell:Creating prefix util module '/home/justiny/ros2_validation_suite/install/_local_setup_util_sh.py'
[2.282s] INFO:colcon.colcon_core.shell:Creating prefix chain script '/home/justiny/ros2_validation_suite/install/setup.sh'
[2.283s] INFO:colcon.colcon_core.shell:Creating prefix script '/home/justiny/ros2_validation_suite/install/local_setup.bash'
[2.283s] INFO:colcon.colcon_core.shell:Creating prefix chain script '/home/justiny/ros2_validation_suite/install/setup.bash'
[2.284s] INFO:colcon.colcon_core.shell:Creating prefix script '/home/justiny/ros2_validation_suite/install/local_setup.zsh'
[2.284s] INFO:colcon.colcon_core.shell:Creating prefix chain script '/home/justiny/ros2_validation_suite/install/setup.zsh'
